<?xml version="1.0" encoding="UTF-8"?>
<testsuite name="com.blog.server.controller.QuizControllerTest" tests="4" skipped="0" failures="0" errors="0" timestamp="2024-06-23T10:16:28" hostname="DESKTOP-G56TA3T" time="0.829">
  <properties/>
  <testcase name="quiz(): POST /quiz?code=13 이면 응답 코드는 200, 응답 본문은 OK!를 리턴한다." classname="com.blog.server.controller.QuizControllerTest" time="0.801"/>
  <testcase name="quiz(): GET /quiz?code=1 이면 응답 코드는 201, 응답 본문은 Created!를 리턴한다." classname="com.blog.server.controller.QuizControllerTest" time="0.01"/>
  <testcase name="quiz(): GET /quiz?code=2 이면 응답 코드는 400, 응답 본문은 BadRequest!를 리턴한다." classname="com.blog.server.controller.QuizControllerTest" time="0.006"/>
  <testcase name="quiz(): POST /quiz?code=1 이면 응답 코드는 403, 응답 본문은 Forbidden!를 리턴한다." classname="com.blog.server.controller.QuizControllerTest" time="0.008"/>
  <system-out><![CDATA[19:16:23.727 [Test worker] INFO org.springframework.test.context.support.AnnotationConfigContextLoaderUtils -- Could not detect default configuration classes for test class [com.blog.server.controller.QuizControllerTest]: QuizControllerTest does not declare any static, non-private, non-final, nested classes annotated with @Configuration.
19:16:23.866 [Test worker] INFO org.springframework.boot.test.context.SpringBootTestContextBootstrapper -- Found @SpringBootConfiguration com.blog.server.ServerApplication for test class com.blog.server.controller.QuizControllerTest

  .   ____          _            __ _ _
 /\\ / ___'_ __ _ _(_)_ __  __ _ \ \ \ \
( ( )\___ | '_ | '_| | '_ \/ _` | \ \ \ \
 \\/  ___)| |_)| | | | | || (_| |  ) ) ) )
  '  |____| .__|_| |_|_| |_\__, | / / / /
 =========|_|==============|___/=/_/_/_/

 :: Spring Boot ::                (v3.3.1)

2024-06-23T19:16:24.319+09:00  INFO 7944 --- [server] [    Test worker] c.b.s.controller.QuizControllerTest      : Starting QuizControllerTest using Java 17.0.11 with PID 7944 (started by choih in C:\Users\choih\OneDrive\바탕 화면\오후프로젝트_0611\Work\Springboot-OAuth2-JWT-AWS-CICD\server)
2024-06-23T19:16:24.320+09:00  INFO 7944 --- [server] [    Test worker] c.b.s.controller.QuizControllerTest      : No active profile set, falling back to 1 default profile: "default"
2024-06-23T19:16:25.048+09:00  INFO 7944 --- [server] [    Test worker] .s.d.r.c.RepositoryConfigurationDelegate : Bootstrapping Spring Data JPA repositories in DEFAULT mode.
2024-06-23T19:16:25.111+09:00  INFO 7944 --- [server] [    Test worker] .s.d.r.c.RepositoryConfigurationDelegate : Finished Spring Data repository scanning in 52 ms. Found 1 JPA repository interface.
2024-06-23T19:16:25.696+09:00  INFO 7944 --- [server] [    Test worker] o.hibernate.jpa.internal.util.LogHelper  : HHH000204: Processing PersistenceUnitInfo [name: default]
2024-06-23T19:16:25.796+09:00  INFO 7944 --- [server] [    Test worker] org.hibernate.Version                    : HHH000412: Hibernate ORM core version 6.5.2.Final
2024-06-23T19:16:25.857+09:00  INFO 7944 --- [server] [    Test worker] o.h.c.internal.RegionFactoryInitiator    : HHH000026: Second-level cache disabled
2024-06-23T19:16:26.271+09:00  INFO 7944 --- [server] [    Test worker] o.s.o.j.p.SpringPersistenceUnitInfo      : No LoadTimeWeaver setup: ignoring JPA class transformer
2024-06-23T19:16:26.311+09:00  INFO 7944 --- [server] [    Test worker] com.zaxxer.hikari.HikariDataSource       : HikariPool-1 - Starting...
2024-06-23T19:16:26.524+09:00  INFO 7944 --- [server] [    Test worker] com.zaxxer.hikari.pool.HikariPool        : HikariPool-1 - Added connection conn0: url=jdbc:h2:mem:testdb user=SA
2024-06-23T19:16:26.526+09:00  INFO 7944 --- [server] [    Test worker] com.zaxxer.hikari.HikariDataSource       : HikariPool-1 - Start completed.
2024-06-23T19:16:26.557+09:00  WARN 7944 --- [server] [    Test worker] org.hibernate.orm.deprecation            : HHH90000025: H2Dialect does not need to be specified explicitly using 'hibernate.dialect' (remove the property setting and it will be selected by default)
2024-06-23T19:16:27.544+09:00  INFO 7944 --- [server] [    Test worker] o.h.e.t.j.p.i.JtaPlatformInitiator       : HHH000489: No JTA platform available (set 'hibernate.transaction.jta.platform' to enable JTA platform integration)
Hibernate: 
    create table member (
        id bigint generated by default as identity,
        name varchar(255) not null,
        primary key (id)
    )
2024-06-23T19:16:27.611+09:00  INFO 7944 --- [server] [    Test worker] j.LocalContainerEntityManagerFactoryBean : Initialized JPA EntityManagerFactory for persistence unit 'default'
2024-06-23T19:16:28.101+09:00  WARN 7944 --- [server] [    Test worker] JpaBaseConfiguration$JpaWebConfiguration : spring.jpa.open-in-view is enabled by default. Therefore, database queries may be performed during view rendering. Explicitly configure spring.jpa.open-in-view to disable this warning
2024-06-23T19:16:28.139+09:00  INFO 7944 --- [server] [    Test worker] o.s.b.a.w.s.WelcomePageHandlerMapping    : Adding welcome page: class path resource [static/index.html]
2024-06-23T19:16:28.574+09:00  INFO 7944 --- [server] [    Test worker] o.s.b.a.h2.H2ConsoleAutoConfiguration    : H2 console available at '/h2-console'. Database available at 'jdbc:h2:mem:testdb'
2024-06-23T19:16:28.665+09:00  INFO 7944 --- [server] [    Test worker] o.s.b.t.m.w.SpringBootMockServletContext : Initializing Spring TestDispatcherServlet ''
2024-06-23T19:16:28.665+09:00  INFO 7944 --- [server] [    Test worker] o.s.t.web.servlet.TestDispatcherServlet  : Initializing Servlet ''
2024-06-23T19:16:28.668+09:00  INFO 7944 --- [server] [    Test worker] o.s.t.web.servlet.TestDispatcherServlet  : Completed initialization in 1 ms
2024-06-23T19:16:28.699+09:00  INFO 7944 --- [server] [    Test worker] c.b.s.controller.QuizControllerTest      : Started QuizControllerTest in 4.654 seconds (process running for 6.015)
2024-06-23T19:16:29.363+09:00  INFO 7944 --- [server] [    Test worker] o.s.b.t.m.w.SpringBootMockServletContext : Initializing Spring TestDispatcherServlet ''
2024-06-23T19:16:29.363+09:00  INFO 7944 --- [server] [    Test worker] o.s.t.web.servlet.TestDispatcherServlet  : Initializing Servlet ''
2024-06-23T19:16:29.364+09:00  INFO 7944 --- [server] [    Test worker] o.s.t.web.servlet.TestDispatcherServlet  : Completed initialization in 1 ms
2024-06-23T19:16:29.531+09:00  INFO 7944 --- [server] [    Test worker] o.s.b.t.m.w.SpringBootMockServletContext : Initializing Spring TestDispatcherServlet ''
2024-06-23T19:16:29.531+09:00  INFO 7944 --- [server] [    Test worker] o.s.t.web.servlet.TestDispatcherServlet  : Initializing Servlet ''
2024-06-23T19:16:29.532+09:00  INFO 7944 --- [server] [    Test worker] o.s.t.web.servlet.TestDispatcherServlet  : Completed initialization in 1 ms
2024-06-23T19:16:29.540+09:00  INFO 7944 --- [server] [    Test worker] o.s.b.t.m.w.SpringBootMockServletContext : Initializing Spring TestDispatcherServlet ''
2024-06-23T19:16:29.540+09:00  INFO 7944 --- [server] [    Test worker] o.s.t.web.servlet.TestDispatcherServlet  : Initializing Servlet ''
2024-06-23T19:16:29.541+09:00  INFO 7944 --- [server] [    Test worker] o.s.t.web.servlet.TestDispatcherServlet  : Completed initialization in 1 ms
2024-06-23T19:16:29.549+09:00  INFO 7944 --- [server] [    Test worker] o.s.b.t.m.w.SpringBootMockServletContext : Initializing Spring TestDispatcherServlet ''
2024-06-23T19:16:29.549+09:00  INFO 7944 --- [server] [    Test worker] o.s.t.web.servlet.TestDispatcherServlet  : Initializing Servlet ''
2024-06-23T19:16:29.551+09:00  INFO 7944 --- [server] [    Test worker] o.s.t.web.servlet.TestDispatcherServlet  : Completed initialization in 2 ms
]]></system-out>
  <system-err><![CDATA[]]></system-err>
</testsuite>
